<?xml version='1.0' encoding='UTF-8'?>
<testsuite hostname="DESKTOP-M6KJMLN" name="ExprTest" tests="1" errors="0" failures="0" skipped="0" time="0.037" timestamp="2023-07-14T11:55:02">
          <properties>
      <property name="java.specification.version" value="18"/><property name="sun.cpu.isalist" value="amd64"/><property name="sun.jnu.encoding" value="Cp1252"/><property name="sun.arch.data.model" value="64"/><property name="sbt.supershell" value="false"/><property name="java.vendor.url" value="https://java.oracle.com/"/><property name="sun.boot.library.path" value="C:\Program Files\Java\jdk-18.0.1.1\bin"/><property name="sun.java.command" value="C:\Users\tangy\AppData\Roaming\JetBrains\IntelliJIdea2023.1\plugins\Scala\launcher\sbt-launch.jar early(addPluginSbtFile=&quot;&quot;&quot;C:\Users\tangy\AppData\Local\Temp\idea.sbt&quot;&quot;&quot;) ; set ideaPort in Global := 51484 ; idea-shell"/><property name="jdk.debug" value="release"/><property name="sun.stderr.encoding" value="windows-1252"/><property name="java.specification.vendor" value="Oracle Corporation"/><property name="java.version.date" value="2022-04-22"/><property name="java.home" value="C:\Program Files\Java\jdk-18.0.1.1"/><property name="file.separator" value="\"/><property name="java.vm.compressedOopsMode" value="32-bit"/><property name="sun.stdout.encoding" value="windows-1252"/><property name="line.separator" value="
"/><property name="java.vm.specification.vendor" value="Oracle Corporation"/><property name="java.specification.name" value="Java Platform API Specification"/><property name="idea.installation.dir" value="C:\Program Files\JetBrains\IntelliJ IDEA 2023.1.3"/><property name="user.script" value=""/><property name="sun.management.compiler" value="HotSpot 64-Bit Tiered Compilers"/><property name="java.runtime.version" value="18.0.1.1+2-6"/><property name="user.name" value="tangy"/><property name="log4j.ignoreTCL" value="true"/><property name="file.encoding" value="UTF-8"/><property name="jnidispatch.path" value="C:\Users\tangy\AppData\Local\Temp\jna-110127187\jna1337267949762574997.dll"/><property name="jna.loaded" value="true"/><property name="java.io.tmpdir" value="C:\Users\tangy\AppData\Local\Temp\"/><property name="java.version" value="18.0.1.1"/><property name="java.vm.specification.name" value="Java Virtual Machine Specification"/><property name="sun.os.patch.level" value=""/><property name="native.encoding" value="Cp1252"/><property name="java.library.path" value="C:\Program Files\Java\jdk-18.0.1.1\bin;C:\WINDOWS\Sun\Java\bin;C:\WINDOWS\system32;C:\WINDOWS;C:\WINDOWS\system32;C:\WINDOWS;C:\WINDOWS\System32\Wbem;C:\WINDOWS\System32\WindowsPowerShell\v1.0\;C:\WINDOWS\System32\OpenSSH\;C:\Program Files\NVIDIA Corporation\NVIDIA NvDLISR;C:\Program Files (x86)\NVIDIA Corporation\PhysX\Common;C:\Program Files\dotnet\;C:\Program Files\Git\cmd;C:\Strawberry\c\bin;C:\Strawberry\perl\site\bin;C:\Strawberry\perl\bin;C:\Program Files\PowerShell\7\;C:\Program Files (x86)\sbt\bin;C:\Users\tangy\AppData\Local\Microsoft\WindowsApps;C:\Users\tangy\AppData\Local\Programs\Microsoft VS Code\bin;C:\Users\tangy\.dotnet\tools;C:\Users\tangy\AppData\Local\Programs\MiKTeX\miktex\bin\x64\;C:\texlive\2022\bin\win32;C:\Program Files\Java\jdk-18.0.1.1\bin;."/><property name="java.vendor" value="Oracle Corporation"/><property name="sun.io.unicode.encoding" value="UnicodeLittle"/><property name="java.class.path" value="C:\Users\tangy\AppData\Roaming\JetBrains\IntelliJIdea2023.1\plugins\Scala\launcher\sbt-launch.jar"/><property name="java.vm.vendor" value="Oracle Corporation"/><property name="user.variant" value=""/><property name="jline.shutdownhook" value="false"/><property name="user.timezone" value="Asia/Singapore"/><property name="java.vm.specification.version" value="18"/><property name="os.name" value="Windows 10"/><property name="sun.java.launcher" value="SUN_STANDARD"/><property name="user.country" value="US"/><property name="sun.cpu.endian" value="little"/><property name="user.home" value="C:\Users\tangy"/><property name="user.language" value="en"/><property name="sbt.ipcsocket.tmpdir" value="C:\Users\tangy\AppData\Local\Temp\.sbta101a59b\ipcsocket"/><property name="swoval.tmpdir" value="C:\Users\tangy\AppData\Local\Temp\.sbta101a59b\swoval"/><property name="jline.esc.timeout" value="0"/><property name="path.separator" value=";"/><property name="os.version" value="10.0"/><property name="jna.nosys" value="true"/><property name="java.runtime.name" value="Java(TM) SE Runtime Environment"/><property name="sbt.log.noformat" value="true"/><property name="java.vm.name" value="Java HotSpot(TM) 64-Bit Server VM"/><property name="java.vendor.url.bug" value="https://bugreport.java.com/bugreport/"/><property name="user.dir" value="C:\Users\tangy\IdeaProjects\scalalox"/><property name="os.arch" value="amd64"/><property name="idea.managed" value="true"/><property name="java.vm.info" value="mixed mode, sharing"/><property name="java.vm.version" value="18.0.1.1+2-6"/><property name="java.class.version" value="62.0"/>
    </properties>
          <testcase classname="ExprTest" name="AST Printing Test 1" time="0.037">
                      
                    </testcase>
          <system-out><![CDATA[]]></system-out>
          <system-err><![CDATA[]]></system-err>
        </testsuite>