<?xml version='1.0' encoding='UTF-8'?>
<testsuite hostname="DESKTOP-M6KJMLN" name="InterpreterTest" tests="47" errors="0" failures="0" skipped="0" time="0.128" timestamp="2023-07-15T10:18:29">
          <properties>
      <property name="java.specification.version" value="18"/><property name="sun.cpu.isalist" value="amd64"/><property name="sun.jnu.encoding" value="Cp1252"/><property name="sun.arch.data.model" value="64"/><property name="java.vendor.url" value="https://java.oracle.com/"/><property name="sun.boot.library.path" value="C:\Program Files\Java\jdk-18.0.1.1\bin"/><property name="sun.java.command" value="xsbt.boot.Boot test"/><property name="jdk.debug" value="release"/><property name="sun.stderr.encoding" value="cp437"/><property name="java.specification.vendor" value="Oracle Corporation"/><property name="java.version.date" value="2022-04-22"/><property name="java.home" value="C:\Program Files\Java\jdk-18.0.1.1"/><property name="file.separator" value="\"/><property name="java.vm.compressedOopsMode" value="32-bit"/><property name="line.separator" value="
"/><property name="sun.stdout.encoding" value="cp437"/><property name="java.vm.specification.vendor" value="Oracle Corporation"/><property name="java.specification.name" value="Java Platform API Specification"/><property name="user.script" value=""/><property name="sun.management.compiler" value="HotSpot 64-Bit Tiered Compilers"/><property name="java.runtime.version" value="18.0.1.1+2-6"/><property name="user.name" value="tangy"/><property name="log4j.ignoreTCL" value="true"/><property name="file.encoding" value="UTF-8"/><property name="jnidispatch.path" value="C:\Users\tangy\AppData\Local\Temp\jna-110127187\jna16665096323564236648.dll"/><property name="jna.loaded" value="true"/><property name="java.io.tmpdir" value="C:\Users\tangy\AppData\Local\Temp\"/><property name="java.version" value="18.0.1.1"/><property name="java.vm.specification.name" value="Java Virtual Machine Specification"/><property name="sun.os.patch.level" value=""/><property name="native.encoding" value="Cp1252"/><property name="java.library.path" value="C:\Program Files\Java\jdk-18.0.1.1\bin;C:\WINDOWS\Sun\Java\bin;C:\WINDOWS\system32;C:\WINDOWS;C:\WINDOWS\system32;C:\WINDOWS;C:\WINDOWS\System32\Wbem;C:\WINDOWS\System32\WindowsPowerShell\v1.0\;C:\WINDOWS\System32\OpenSSH\;C:\Program Files\NVIDIA Corporation\NVIDIA NvDLISR;C:\Program Files (x86)\NVIDIA Corporation\PhysX\Common;C:\Program Files\dotnet\;C:\Program Files\Git\cmd;C:\Strawberry\c\bin;C:\Strawberry\perl\site\bin;C:\Strawberry\perl\bin;C:\Program Files\PowerShell\7\;C:\Program Files (x86)\sbt\bin;C:\Users\tangy\AppData\Local\Microsoft\WindowsApps;C:\Users\tangy\AppData\Local\Programs\Microsoft VS Code\bin;C:\Users\tangy\.dotnet\tools;C:\Users\tangy\AppData\Local\Programs\MiKTeX\miktex\bin\x64\;C:\texlive\2022\bin\win32;C:\Program Files\Java\jdk-18.0.1.1\bin;."/><property name="java.vendor" value="Oracle Corporation"/><property name="scala.ext.dirs" value="C:\Users\tangy\.sbt\1.0\java9-rt-ext-oracle_corporation_18_0_1_1"/><property name="sun.io.unicode.encoding" value="UnicodeLittle"/><property name="java.class.path" value="C:\Program Files (x86)\sbt\\bin\sbt-launch.jar"/><property name="java.vm.vendor" value="Oracle Corporation"/><property name="user.variant" value=""/><property name="jline.shutdownhook" value="false"/><property name="user.timezone" value="Asia/Singapore"/><property name="java.vm.specification.version" value="18"/><property name="os.name" value="Windows 10"/><property name="sun.java.launcher" value="SUN_STANDARD"/><property name="user.country" value="US"/><property name="sun.cpu.endian" value="little"/><property name="user.home" value="C:\Users\tangy"/><property name="user.language" value="en"/><property name="sbt.ipcsocket.tmpdir" value="C:\Users\tangy\AppData\Local\Temp\.sbta101a59b\ipcsocket"/><property name="swoval.tmpdir" value="C:\Users\tangy\AppData\Local\Temp\.sbta101a59b\swoval"/><property name="jline.esc.timeout" value="0"/><property name="path.separator" value=";"/><property name="os.version" value="10.0"/><property name="jna.nosys" value="true"/><property name="java.runtime.name" value="Java(TM) SE Runtime Environment"/><property name="java.vm.name" value="Java HotSpot(TM) 64-Bit Server VM"/><property name="java.vendor.url.bug" value="https://bugreport.java.com/bugreport/"/><property name="user.dir" value="C:\Users\tangy\IdeaProjects\scalalox"/><property name="os.arch" value="amd64"/><property name="java.vm.info" value="mixed mode, sharing"/><property name="java.vm.version" value="18.0.1.1+2-6"/><property name="java.class.version" value="62.0"/>
    </properties>
          <testcase classname="InterpreterTest" name="Interpreter Test Expressions 1" time="0.043">
                      
                    </testcase><testcase classname="InterpreterTest" name="Interpreter Test Expressions 2: Comma" time="0.0">
                      
                    </testcase><testcase classname="InterpreterTest" name="Interpreter Test Expressions 3: Ternary Operator" time="0.003">
                      
                    </testcase><testcase classname="InterpreterTest" name="Interpreter Test Expressions 4: Ternary Operator" time="0.0">
                      
                    </testcase><testcase classname="InterpreterTest" name="Interpreter Test Expressions 5: String" time="0.001">
                      
                    </testcase><testcase classname="InterpreterTest" name="Interpreter Test Expressions 6: Equality Comparison" time="0.0">
                      
                    </testcase><testcase classname="InterpreterTest" name="Interpreter Test Expressions 7: Ordered Comparison" time="0.001">
                      
                    </testcase><testcase classname="InterpreterTest" name="Interpreter Test Divide By 0" time="0.0">
                      
                    </testcase><testcase classname="InterpreterTest" name="Interpreter Test Compare Mismatch" time="0.0">
                      
                    </testcase><testcase classname="InterpreterTest" name="Interpreter Test 8: Ordered Comparison" time="0.0">
                      
                    </testcase><testcase classname="InterpreterTest" name="Interpreter Test 9: Variable Declaration" time="0.028">
                      
                    </testcase><testcase classname="InterpreterTest" name="Interpreter Test 10: Variable Assignment" time="0.002">
                      
                    </testcase><testcase classname="InterpreterTest" name="Interpreter Test 11: Variable Use Before Definition" time="0.001">
                      
                    </testcase><testcase classname="InterpreterTest" name="Interpreter Test 12: Variable Use Before Initialization" time="0.001">
                      
                    </testcase><testcase classname="InterpreterTest" name="Interpreter Test 13: Variable Assignment + Ternary Operator" time="0.001">
                      
                    </testcase><testcase classname="InterpreterTest" name="Interpreter Test 14: If Conditional" time="0.002">
                      
                    </testcase><testcase classname="InterpreterTest" name="Interpreter Test 14.1: If Conditional" time="0.0">
                      
                    </testcase><testcase classname="InterpreterTest" name="Interpreter Test 15: Logical Or" time="0.001">
                      
                    </testcase><testcase classname="InterpreterTest" name="Interpreter Test 15.1: Logical Or" time="0.001">
                      
                    </testcase><testcase classname="InterpreterTest" name="Interpreter Test 16: Logical And" time="0.0">
                      
                    </testcase><testcase classname="InterpreterTest" name="Interpreter Test 17: For Loop" time="0.006">
                      
                    </testcase><testcase classname="InterpreterTest" name="Interpreter Test 18: While Loop" time="0.001">
                      
                    </testcase><testcase classname="InterpreterTest" name="Interpreter Test 19: While Loop with Break" time="0.004">
                      
                    </testcase><testcase classname="InterpreterTest" name="Interpreter Test 19.1: While Loop with Break" time="0.002">
                      
                    </testcase><testcase classname="InterpreterTest" name="Interpreter Test 20: While Loop with Continue" time="0.003">
                      
                    </testcase><testcase classname="InterpreterTest" name="Interpreter Test 21: Calling Native Functions" time="0.002">
                      
                    </testcase><testcase classname="InterpreterTest" name="Interpreter Test 22: Declaring and Using Functions" time="0.003">
                      
                    </testcase><testcase classname="InterpreterTest" name="Interpreter Test 23: Recursive Functions" time="0.001">
                      
                    </testcase><testcase classname="InterpreterTest" name="Interpreter Test 24: Closures" time="0.001">
                      
                    </testcase><testcase classname="InterpreterTest" name="Interpreter Test 25: Lambda Functions" time="0.0">
                      
                    </testcase><testcase classname="InterpreterTest" name="Interpreter Test 25.1: Lambda Functions" time="0.0">
                      
                    </testcase><testcase classname="InterpreterTest" name="Interpreter Test 25.2: Lambda Functions" time="0.001">
                      
                    </testcase><testcase classname="InterpreterTest" name="Interpreter Test 25.3: Lambda Functions" time="0.0">
                      
                    </testcase><testcase classname="InterpreterTest" name="Interpreter Test 25.4: Lambda Functions" time="0.001">
                      
                    </testcase><testcase classname="InterpreterTest" name="Interpreter Test 26: Properly Closed Functions" time="0.001">
                      
                    </testcase><testcase classname="InterpreterTest" name="Interpreter Test 27: Unused Local Variable" time="0.001">
                      
                    </testcase><testcase classname="InterpreterTest" name="Interpreter Test 28: Return From Top Level" time="0.001">
                      
                    </testcase><testcase classname="InterpreterTest" name="Interpreter Test 28.1: Continue From Top Level" time="0.0">
                      
                    </testcase><testcase classname="InterpreterTest" name="Interpreter Test 28.2: Break From Top Level" time="0.0">
                      
                    </testcase><testcase classname="InterpreterTest" name="Interpreter Test 29: Class Fields Getting and Setting" time="0.006">
                      
                    </testcase><testcase classname="InterpreterTest" name="Interpreter Test 29.1: Try to get unset field" time="0.001">
                      
                    </testcase><testcase classname="InterpreterTest" name="Interpreter Test 30: Calling a method" time="0.0">
                      
                    </testcase><testcase classname="InterpreterTest" name="Interpreter Test 31: Calling a method with 'this' keyword" time="0.002">
                      
                    </testcase><testcase classname="InterpreterTest" name="Interpreter Test 32: Class with initializer" time="0.001">
                      
                    </testcase><testcase classname="InterpreterTest" name="Interpreter Test 33: Class with Getter" time="0.001">
                      
                    </testcase><testcase classname="InterpreterTest" name="Interpreter Test 34: Inheriting a method from superclass." time="0.001">
                      
                    </testcase><testcase classname="InterpreterTest" name="Interpreter Test 34: Overriding with Super.." time="0.003">
                      
                    </testcase>
          <system-out><![CDATA[]]></system-out>
          <system-err><![CDATA[]]></system-err>
        </testsuite>